<?xml version="1.0" encoding="UTF-8"?>
<testsuite xmlns:xsi="http://www.w3.org/2001/XMLSchema-instance" xsi:noNamespaceSchemaLocation="https://maven.apache.org/surefire/maven-surefire-plugin/xsd/surefire-test-report-3.0.xsd" version="3.0" name="TestSuite" time="21.006" tests="1" errors="0" skipped="0" failures="0">
  <properties>
[...]
</properties>
  <testcase name="TC01_LoginTest" classname="com.OrangeHRM.testCases.LoginPageTest" time="5.678">
    <system-out><![CDATA[2021-10-29 09:26:39,801 main ERROR Appenders contains an invalid element or attribute "appender"
DEBUG | 2021-10-29 09:26:41 | [main] utilities.BaseClass (BaseClass.java:37) - ---------------------------------------------------
INFO  | 2021-10-29 09:26:46 | [main] utilities.BaseClass (BaseClass.java:42) - Driver is initialized
INFO  | 2021-10-29 09:26:50 | [main] utilities.BaseClass (BaseClass.java:56) - URL opened
INFO  | 2021-10-29 09:26:51 | [main] appModules.SignIn_Action (SignIn_Action.java:18) - Username entered
INFO  | 2021-10-29 09:26:51 | [main] appModules.SignIn_Action (SignIn_Action.java:20) - password entered
INFO  | 2021-10-29 09:26:55 | [main] appModules.SignIn_Action (SignIn_Action.java:22) - Login btn clicked successfully
INFO  | 2021-10-29 09:26:56 | [main] testCases.LoginPageTest (LoginPageTest.java:21) - Title validated successfully.
]]></system-out>
    <system-err><![CDATA[Starting ChromeDriver 94.0.4606.61 (418b78f5838ed0b1c69bb4e51ea0252171854915-refs/branch-heads/4606@{#1204}) on port 9624
Only local connections are allowed.
Please see https://chromedriver.chromium.org/security-considerations for suggestions on keeping ChromeDriver safe.
ChromeDriver was started successfully.
[1635524805.529][WARNING]: This version of ChromeDriver has not been tested with Chrome version 95.
Oct 29, 2021 9:26:46 AM org.openqa.selenium.remote.ProtocolHandshake createSession
INFO: Detected dialect: W3C
]]></system-err>
  </testcase>
</testsuite>