<?xml version="1.0" encoding="UTF-8"?>
<testng-results ignored="0" total="1" passed="1" failed="0" skipped="0">
  <reporter-output>
  </reporter-output>
  <suite started-at="2021-10-29T09:26:40 PDT" name="Suite" finished-at="2021-10-29T09:26:57 PDT" duration-ms="16246">
    <groups>
    </groups>
    <test started-at="2021-10-29T09:26:40 PDT" name="Test" finished-at="2021-10-29T09:26:57 PDT" duration-ms="16246">
      <class name="com.OrangeHRM.testCases.LoginPageTest">
        <test-method is-config="true" signature="setup(java.lang.String)[pri:0, instance:com.OrangeHRM.testCases.LoginPageTest@5dda6f9]" started-at="2021-10-29T09:26:40 PDT" name="setup" finished-at="2021-10-29T09:26:50 PDT" duration-ms="9471" status="PASS">
          <params>
            <param index="0">
              <value>
                <![CDATA[chrome]]>
              </value>
            </param>
          </params>
          <reporter-output>
          </reporter-output>
        </test-method> <!-- setup -->
        <test-method signature="TC01_LoginTest()[pri:0, instance:com.OrangeHRM.testCases.LoginPageTest@5dda6f9]" started-at="2021-10-29T09:26:50 PDT" name="TC01_LoginTest" finished-at="2021-10-29T09:26:56 PDT" duration-ms="5789" status="PASS">
          <reporter-output>
          </reporter-output>
        </test-method> <!-- TC01_LoginTest -->
        <test-method is-config="true" signature="tearDown()[pri:0, instance:com.OrangeHRM.testCases.LoginPageTest@5dda6f9]" started-at="2021-10-29T09:26:56 PDT" name="tearDown" finished-at="2021-10-29T09:26:57 PDT" duration-ms="906" status="PASS">
          <reporter-output>
          </reporter-output>
        </test-method> <!-- tearDown -->
      </class> <!-- com.OrangeHRM.testCases.LoginPageTest -->
    </test> <!-- Test -->
  </suite> <!-- Suite -->
</testng-results>
